#
# A fatal error has been detected by the Java Runtime Environment:
#
#  SIGSEGV (0xb) at pc=0x000071675ba41b10, pid=2264, tid=2284
#
# JRE version: OpenJDK Runtime Environment Temurin-25.0.1+8 (25.0.1+8) (build 25.0.1+8-LTS)
# Java VM: OpenJDK 64-Bit Server VM Temurin-25.0.1+8 (25.0.1+8-LTS, mixed mode, sharing, tiered, compressed oops, compressed class ptrs, g1 gc, linux-amd64)
# Problematic frame:
# C  [libc.so.6+0x99340]
#
# Core dump will be written. Default location: Core dumps may be processed with "/wsl-capture-crash %t %E %p %s" (or dumping to /mnt/c/Users/matig/Desktop/M1/vision_ordinateur/projet_hockey/Air_Hockey_Project/core.2264)
#
# If you would like to submit a bug report, please visit:
#   https://github.com/adoptium/adoptium-support/issues
#

---------------  S U M M A R Y ------------

Command Line: target/air-hockey-1.0-SNAPSHOT.jar

Host: 11th Gen Intel(R) Core(TM) i3-1115G4 @ 3.00GHz, 4 cores, 3G, Ubuntu 24.04.2 LTS
Time: Wed Apr  8 10:28:35 2026 CEST elapsed time: 19.999010 seconds (0d 0h 0m 19s)

---------------  T H R E A D  ---------------

Current thread is native thread

Stack: [0x00007167b8000000,0x00007167b8100000],  sp=0x00007167b80fee80,  free space=1019k
Native frames: (J=compiled Java code, j=interpreted, Vv=VM code, C=native code)
C  [libc.so.6+0x99340]